2020-03-29 19:55:12 | 100202563 | info  | === New run 2020.03.29-19.55.11 ===
2020-03-29 19:55:12 | 100202563 | info  | logfile: /tmp/vm-backup-2020.03.29-19.55.11.log
2020-03-29 19:55:12 | 100202563 | info  | workdir: /vmfs/volumes/primary/vm-backup-workdir
2020-03-29 19:55:12 | 100202563 | info  | --- Backing up [Le petit] ---
2020-03-29 19:55:13 | 100202563 | info  | Listing vmdks ...
2020-03-29 19:55:13 | 100202563 | info  |   scsi0:0 -- included, 1 GB, /vmfs/volumes/Primary/Le petit/Le petit.vmdk
2020-03-29 19:55:13 | 100202563 | info  |   Total: 1 vmdk(s), 1 GB
2020-03-29 19:55:13 | 100202563 | info  | Creating directory - [/vmfs/volumes/primary/vm-backup-workdir/Le petit/2020.03.29-19.55.11] ...
2020-03-29 19:55:13 | 100202563 | info  | Creating snapshot - 'vm-backup-snapshot-2020-03-29' ...
2020-03-29 19:55:16 | 100202563 | info  | Copying vmx file ...
2020-03-29 19:55:16 | 100202563 | info  | Cloning /vmfs/volumes/Primary/Le petit/Le petit.vmdk ...
2020-03-29 19:55:18 | 100202563 | info  | Creating [/vmfs/volumes/backups/Le petit] on 10.0.0.123 ...
2020-03-29 19:55:18 | 100202563 | info  | Copying /vmfs/volumes/primary/vm-backup-workdir/Le petit/2020.03.29-19.55.11 ...
2020-03-29 19:55:18 | 100202563 | info  |   -> 10.1.2.123:/vmfs/volumes/backups/Le petit/2020.03.29-19.55.11.tar
2020-03-29 19:55:33 | 100202563 | info  | Trimming backup set, keeping 3 most recent ...
2020-03-29 19:55:34 | 100202563 | info  |   2022.03.29-16.59.22.tar - kept
2020-03-29 19:55:34 | 100202563 | info  |   2022.03.29-16.50.53.tar - kept
2020-03-29 19:55:34 | 100202563 | info  |   2022.03.29-16.48.31.tar - kept
2020-03-29 19:55:34 | 100202563 | info  |   2020.03.29-19.55.11.tar - removing ...
2020-03-29 19:55:35 | 100202563 | info  | Removing snapshot - 'vm-backup-snapshot-2020-03-29' ...
2020-03-29 19:55:39 | 100202563 | info  | --- End of backup of [Le petit] -- Completed OK in 00:00:26 ----
2020-03-29 19:55:39 | 100202563 | info  | All backups are completed
2020-03-29 19:55:39 | 100202563 | info  |   1 OK
2020-03-29 19:55:39 | 100202563 | info  |   0 failed
2020-03-29 19:55:39 | 100202563 | info  | Sending email...
2020-03-29 19:55:41 | 100202563 | info  | === End of the run, elapsed 00:00:30, exit code 0 ===

